{
    "meta": {
        "format": 3,
        "version": "7.10.2",
        "timestamp": "2025-08-10T08:53:09.559356",
        "branch_coverage": true,
        "show_contexts": false
    },
    "files": {
        "config\\app_constants.py": {
            "executed_lines": [],
            "summary": {
                "covered_lines": 0,
                "num_statements": 102,
                "percent_covered": 0.0,
                "percent_covered_display": "0.0",
                "missing_lines": 102,
                "excluded_lines": 0,
                "num_branches": 16,
                "num_partial_branches": 0,
                "covered_branches": 0,
                "missing_branches": 16
            },
            "missing_lines": [
                9,
                10,
                13,
                15,
                23,
                25,
                27,
                28,
                29,
                30,
                32,
                34,
                35,
                36,
                39,
                42,
                78,
                88,
                89,
                90,
                91,
                92,
                93,
                95,
                96,
                98,
                101,
                103,
                106,
                108,
                110,
                112,
                114,
                116,
                118,
                120,
                122,
                124,
                126,
                128,
                130,
                132,
                134,
                136,
                138,
                140,
                142,
                144,
                146,
                148,
                150,
                152,
                154,
                156,
                158,
                160,
                162,
                164,
                166,
                168,
                171,
                173,
                175,
                177,
                179,
                181,
                183,
                184,
                185,
                186,
                187,
                188,
                190,
                192,
                194,
                195,
                196,
                197,
                198,
                199,
                201,
                203,
                205,
                206,
                207,
                208,
                209,
                210,
                212,
                214,
                216,
                218,
                220,
                222,
                224,
                226,
                229,
                230,
                231,
                232,
                233,
                236
            ],
            "excluded_lines": [],
            "executed_branches": [],
            "missing_branches": [
                [
                    27,
                    28
                ],
                [
                    27,
                    30
                ],
                [
                    34,
                    35
                ],
                [
                    34,
                    36
                ],
                [
                    88,
                    89
                ],
                [
                    88,
                    98
                ],
                [
                    91,
                    92
                ],
                [
                    91,
                    96
                ],
                [
                    92,
                    93
                ],
                [
                    92,
                    95
                ],
                [
                    183,
                    184
                ],
                [
                    183,
                    188
                ],
                [
                    194,
                    195
                ],
                [
                    194,
                    199
                ],
                [
                    205,
                    206
                ],
                [
                    205,
                    210
                ]
            ],
            "functions": {
                "AppConstants.__new__": {
                    "executed_lines": [],
                    "summary": {
                        "covered_lines": 0,
                        "num_statements": 4,
                        "percent_covered": 0.0,
                        "percent_covered_display": "0.0",
                        "missing_lines": 4,
                        "excluded_lines": 0,
                        "num_branches": 2,
                        "num_partial_branches": 0,
                        "covered_branches": 0,
                        "missing_branches": 2
                    },
                    "missing_lines": [
                        27,
                        28,
                        29,
                        30
                    ],
                    "excluded_lines": [],
                    "executed_branches": [],
                    "missing_branches": [
                        [
                            27,
                            28
                        ],
                        [
                            27,
                            30
                        ]
                    ]
                },
                "AppConstants.__init__": {
                    "executed_lines": [],
                    "summary": {
                        "covered_lines": 0,
                        "num_statements": 5,
                        "percent_covered": 0.0,
                        "percent_covered_display": "0.0",
                        "missing_lines": 5,
                        "excluded_lines": 0,
                        "num_branches": 2,
                        "num_partial_branches": 0,
                        "covered_branches": 0,
                        "missing_branches": 2
                    },
                    "missing_lines": [
                        34,
                        35,
                        36,
                        39,
                        42
                    ],
                    "excluded_lines": [],
                    "executed_branches": [],
                    "missing_branches": [
                        [
                            34,
                            35
                        ],
                        [
                            34,
                            36
                        ]
                    ]
                },
                "AppConstants.get": {
                    "executed_lines": [],
                    "summary": {
                        "covered_lines": 0,
                        "num_statements": 9,
                        "percent_covered": 0.0,
                        "percent_covered_display": "0.0",
                        "missing_lines": 9,
                        "excluded_lines": 0,
                        "num_branches": 6,
                        "num_partial_branches": 0,
                        "covered_branches": 0,
                        "missing_branches": 6
                    },
                    "missing_lines": [
                        88,
                        89,
                        90,
                        91,
                        92,
                        93,
                        95,
                        96,
                        98
                    ],
                    "excluded_lines": [],
                    "executed_branches": [],
                    "missing_branches": [
                        [
                            88,
                            89
                        ],
                        [
                            88,
                            98
                        ],
                        [
                            91,
                            92
                        ],
                        [
                            91,
                            96
                        ],
                        [
                            92,
                            93
                        ],
                        [
                            92,
                            95
                        ]
                    ]
                },
                "get_app_constants": {
                    "executed_lines": [],
                    "summary": {
                        "covered_lines": 0,
                        "num_statements": 1,
                        "percent_covered": 0.0,
                        "percent_covered_display": "0.0",
                        "missing_lines": 1,
                        "excluded_lines": 0,
                        "num_branches": 0,
                        "num_partial_branches": 0,
                        "covered_branches": 0,
                        "missing_branches": 0
                    },
                    "missing_lines": [
                        103
                    ],
                    "excluded_lines": [],
                    "executed_branches": [],
                    "missing_branches": []
                },
                "get_app_name": {
                    "executed_lines": [],
                    "summary": {
                        "covered_lines": 0,
                        "num_statements": 1,
                        "percent_covered": 0.0,
                        "percent_covered_display": "0.0",
                        "missing_lines": 1,
                        "excluded_lines": 0,
                        "num_branches": 0,
                        "num_partial_branches": 0,
                        "covered_branches": 0,
                        "missing_branches": 0
                    },
                    "missing_lines": [
                        108
                    ],
                    "excluded_lines": [],
                    "executed_branches": [],
                    "missing_branches": []
                },
                "get_app_version": {
                    "executed_lines": [],
                    "summary": {
                        "covered_lines": 0,
                        "num_statements": 1,
                        "percent_covered": 0.0,
                        "percent_covered_display": "0.0",
                        "missing_lines": 1,
                        "excluded_lines": 0,
                        "num_branches": 0,
                        "num_partial_branches": 0,
                        "covered_branches": 0,
                        "missing_branches": 0
                    },
                    "missing_lines": [
                        112
                    ],
                    "excluded_lines": [],
                    "executed_branches": [],
                    "missing_branches": []
                },
                "get_api_endpoint": {
                    "executed_lines": [],
                    "summary": {
                        "covered_lines": 0,
                        "num_statements": 1,
                        "percent_covered": 0.0,
                        "percent_covered_display": "0.0",
                        "missing_lines": 1,
                        "excluded_lines": 0,
                        "num_branches": 0,
                        "num_partial_branches": 0,
                        "covered_branches": 0,
                        "missing_branches": 0
                    },
                    "missing_lines": [
                        116
                    ],
                    "excluded_lines": [],
                    "executed_branches": [],
                    "missing_branches": []
                },
                "get_debug_mode": {
                    "executed_lines": [],
                    "summary": {
                        "covered_lines": 0,
                        "num_statements": 1,
                        "percent_covered": 0.0,
                        "percent_covered_display": "0.0",
                        "missing_lines": 1,
                        "excluded_lines": 0,
                        "num_branches": 0,
                        "num_partial_branches": 0,
                        "covered_branches": 0,
                        "missing_branches": 0
                    },
                    "missing_lines": [
                        120
                    ],
                    "excluded_lines": [],
                    "executed_branches": [],
                    "missing_branches": []
                },
                "get_max_retries": {
                    "executed_lines": [],
                    "summary": {
                        "covered_lines": 0,
                        "num_statements": 1,
                        "percent_covered": 0.0,
                        "percent_covered_display": "0.0",
                        "missing_lines": 1,
                        "excluded_lines": 0,
                        "num_branches": 0,
                        "num_partial_branches": 0,
                        "covered_branches": 0,
                        "missing_branches": 0
                    },
                    "missing_lines": [
                        124
                    ],
                    "excluded_lines": [],
                    "executed_branches": [],
                    "missing_branches": []
                },
                "get_retry_delay": {
                    "executed_lines": [],
                    "summary": {
                        "covered_lines": 0,
                        "num_statements": 1,
                        "percent_covered": 0.0,
                        "percent_covered_display": "0.0",
                        "missing_lines": 1,
                        "excluded_lines": 0,
                        "num_branches": 0,
                        "num_partial_branches": 0,
                        "covered_branches": 0,
                        "missing_branches": 0
                    },
                    "missing_lines": [
                        128
                    ],
                    "excluded_lines": [],
                    "executed_branches": [],
                    "missing_branches": []
                },
                "get_timeout": {
                    "executed_lines": [],
                    "summary": {
                        "covered_lines": 0,
                        "num_statements": 1,
                        "percent_covered": 0.0,
                        "percent_covered_display": "0.0",
                        "missing_lines": 1,
                        "excluded_lines": 0,
                        "num_branches": 0,
                        "num_partial_branches": 0,
                        "covered_branches": 0,
                        "missing_branches": 0
                    },
                    "missing_lines": [
                        132
                    ],
                    "excluded_lines": [],
                    "executed_branches": [],
                    "missing_branches": []
                },
                "get_max_connections": {
                    "executed_lines": [],
                    "summary": {
                        "covered_lines": 0,
                        "num_statements": 1,
                        "percent_covered": 0.0,
                        "percent_covered_display": "0.0",
                        "missing_lines": 1,
                        "excluded_lines": 0,
                        "num_branches": 0,
                        "num_partial_branches": 0,
                        "covered_branches": 0,
                        "missing_branches": 0
                    },
                    "missing_lines": [
                        136
                    ],
                    "excluded_lines": [],
                    "executed_branches": [],
                    "missing_branches": []
                },
                "get_connection_timeout": {
                    "executed_lines": [],
                    "summary": {
                        "covered_lines": 0,
                        "num_statements": 1,
                        "percent_covered": 0.0,
                        "percent_covered_display": "0.0",
                        "missing_lines": 1,
                        "excluded_lines": 0,
                        "num_branches": 0,
                        "num_partial_branches": 0,
                        "covered_branches": 0,
                        "missing_branches": 0
                    },
                    "missing_lines": [
                        140
                    ],
                    "excluded_lines": [],
                    "executed_branches": [],
                    "missing_branches": []
                },
                "get_update_check_url": {
                    "executed_lines": [],
                    "summary": {
                        "covered_lines": 0,
                        "num_statements": 1,
                        "percent_covered": 0.0,
                        "percent_covered_display": "0.0",
                        "missing_lines": 1,
                        "excluded_lines": 0,
                        "num_branches": 0,
                        "num_partial_branches": 0,
                        "covered_branches": 0,
                        "missing_branches": 0
                    },
                    "missing_lines": [
                        144
                    ],
                    "excluded_lines": [],
                    "executed_branches": [],
                    "missing_branches": []
                },
                "get_update_interval": {
                    "executed_lines": [],
                    "summary": {
                        "covered_lines": 0,
                        "num_statements": 1,
                        "percent_covered": 0.0,
                        "percent_covered_display": "0.0",
                        "missing_lines": 1,
                        "excluded_lines": 0,
                        "num_branches": 0,
                        "num_partial_branches": 0,
                        "covered_branches": 0,
                        "missing_branches": 0
                    },
                    "missing_lines": [
                        148
                    ],
                    "excluded_lines": [],
                    "executed_branches": [],
                    "missing_branches": []
                },
                "get_max_post_length": {
                    "executed_lines": [],
                    "summary": {
                        "covered_lines": 0,
                        "num_statements": 1,
                        "percent_covered": 0.0,
                        "percent_covered_display": "0.0",
                        "missing_lines": 1,
                        "excluded_lines": 0,
                        "num_branches": 0,
                        "num_partial_branches": 0,
                        "covered_branches": 0,
                        "missing_branches": 0
                    },
                    "missing_lines": [
                        152
                    ],
                    "excluded_lines": [],
                    "executed_branches": [],
                    "missing_branches": []
                },
                "get_max_image_size": {
                    "executed_lines": [],
                    "summary": {
                        "covered_lines": 0,
                        "num_statements": 1,
                        "percent_covered": 0.0,
                        "percent_covered_display": "0.0",
                        "missing_lines": 1,
                        "excluded_lines": 0,
                        "num_branches": 0,
                        "num_partial_branches": 0,
                        "covered_branches": 0,
                        "missing_branches": 0
                    },
                    "missing_lines": [
                        156
                    ],
                    "excluded_lines": [],
                    "executed_branches": [],
                    "missing_branches": []
                },
                "get_max_attachments": {
                    "executed_lines": [],
                    "summary": {
                        "covered_lines": 0,
                        "num_statements": 1,
                        "percent_covered": 0.0,
                        "percent_covered_display": "0.0",
                        "missing_lines": 1,
                        "excluded_lines": 0,
                        "num_branches": 0,
                        "num_partial_branches": 0,
                        "covered_branches": 0,
                        "missing_branches": 0
                    },
                    "missing_lines": [
                        160
                    ],
                    "excluded_lines": [],
                    "executed_branches": [],
                    "missing_branches": []
                },
                "get_supported_image_formats": {
                    "executed_lines": [],
                    "summary": {
                        "covered_lines": 0,
                        "num_statements": 1,
                        "percent_covered": 0.0,
                        "percent_covered_display": "0.0",
                        "missing_lines": 1,
                        "excluded_lines": 0,
                        "num_branches": 0,
                        "num_partial_branches": 0,
                        "covered_branches": 0,
                        "missing_branches": 0
                    },
                    "missing_lines": [
                        164
                    ],
                    "excluded_lines": [],
                    "executed_branches": [],
                    "missing_branches": []
                },
                "get_user_agent": {
                    "executed_lines": [],
                    "summary": {
                        "covered_lines": 0,
                        "num_statements": 1,
                        "percent_covered": 0.0,
                        "percent_covered_display": "0.0",
                        "missing_lines": 1,
                        "excluded_lines": 0,
                        "num_branches": 0,
                        "num_partial_branches": 0,
                        "covered_branches": 0,
                        "missing_branches": 0
                    },
                    "missing_lines": [
                        168
                    ],
                    "excluded_lines": [],
                    "executed_branches": [],
                    "missing_branches": []
                },
                "get_base_dir": {
                    "executed_lines": [],
                    "summary": {
                        "covered_lines": 0,
                        "num_statements": 1,
                        "percent_covered": 0.0,
                        "percent_covered_display": "0.0",
                        "missing_lines": 1,
                        "excluded_lines": 0,
                        "num_branches": 0,
                        "num_partial_branches": 0,
                        "covered_branches": 0,
                        "missing_branches": 0
                    },
                    "missing_lines": [
                        173
                    ],
                    "excluded_lines": [],
                    "executed_branches": [],
                    "missing_branches": []
                },
                "get_config_dir": {
                    "executed_lines": [],
                    "summary": {
                        "covered_lines": 0,
                        "num_statements": 1,
                        "percent_covered": 0.0,
                        "percent_covered_display": "0.0",
                        "missing_lines": 1,
                        "excluded_lines": 0,
                        "num_branches": 0,
                        "num_partial_branches": 0,
                        "covered_branches": 0,
                        "missing_branches": 0
                    },
                    "missing_lines": [
                        177
                    ],
                    "excluded_lines": [],
                    "executed_branches": [],
                    "missing_branches": []
                },
                "get_log_dir": {
                    "executed_lines": [],
                    "summary": {
                        "covered_lines": 0,
                        "num_statements": 7,
                        "percent_covered": 0.0,
                        "percent_covered_display": "0.0",
                        "missing_lines": 7,
                        "excluded_lines": 0,
                        "num_branches": 2,
                        "num_partial_branches": 0,
                        "covered_branches": 0,
                        "missing_branches": 2
                    },
                    "missing_lines": [
                        181,
                        183,
                        184,
                        185,
                        186,
                        187,
                        188
                    ],
                    "excluded_lines": [],
                    "executed_branches": [],
                    "missing_branches": [
                        [
                            183,
                            184
                        ],
                        [
                            183,
                            188
                        ]
                    ]
                },
                "get_data_dir": {
                    "executed_lines": [],
                    "summary": {
                        "covered_lines": 0,
                        "num_statements": 7,
                        "percent_covered": 0.0,
                        "percent_covered_display": "0.0",
                        "missing_lines": 7,
                        "excluded_lines": 0,
                        "num_branches": 2,
                        "num_partial_branches": 0,
                        "covered_branches": 0,
                        "missing_branches": 2
                    },
                    "missing_lines": [
                        192,
                        194,
                        195,
                        196,
                        197,
                        198,
                        199
                    ],
                    "excluded_lines": [],
                    "executed_branches": [],
                    "missing_branches": [
                        [
                            194,
                            195
                        ],
                        [
                            194,
                            199
                        ]
                    ]
                },
                "get_settings_dir": {
                    "executed_lines": [],
                    "summary": {
                        "covered_lines": 0,
                        "num_statements": 7,
                        "percent_covered": 0.0,
                        "percent_covered_display": "0.0",
                        "missing_lines": 7,
                        "excluded_lines": 0,
                        "num_branches": 2,
                        "num_partial_branches": 0,
                        "covered_branches": 0,
                        "missing_branches": 2
                    },
                    "missing_lines": [
                        203,
                        205,
                        206,
                        207,
                        208,
                        209,
                        210
                    ],
                    "excluded_lines": [],
                    "executed_branches": [],
                    "missing_branches": [
                        [
                            205,
                            206
                        ],
                        [
                            205,
                            210
                        ]
                    ]
                },
                "get_assets_dir": {
                    "executed_lines": [],
                    "summary": {
                        "covered_lines": 0,
                        "num_statements": 1,
                        "percent_covered": 0.0,
                        "percent_covered_display": "0.0",
                        "missing_lines": 1,
                        "excluded_lines": 0,
                        "num_branches": 0,
                        "num_partial_branches": 0,
                        "covered_branches": 0,
                        "missing_branches": 0
                    },
                    "missing_lines": [
                        214
                    ],
                    "excluded_lines": [],
                    "executed_branches": [],
                    "missing_branches": []
                },
                "get_app_icon_path": {
                    "executed_lines": [],
                    "summary": {
                        "covered_lines": 0,
                        "num_statements": 1,
                        "percent_covered": 0.0,
                        "percent_covered_display": "0.0",
                        "missing_lines": 1,
                        "excluded_lines": 0,
                        "num_branches": 0,
                        "num_partial_branches": 0,
                        "covered_branches": 0,
                        "missing_branches": 0
                    },
                    "missing_lines": [
                        218
                    ],
                    "excluded_lines": [],
                    "executed_branches": [],
                    "missing_branches": []
                },
                "get_db_path": {
                    "executed_lines": [],
                    "summary": {
                        "covered_lines": 0,
                        "num_statements": 1,
                        "percent_covered": 0.0,
                        "percent_covered_display": "0.0",
                        "missing_lines": 1,
                        "excluded_lines": 0,
                        "num_branches": 0,
                        "num_partial_branches": 0,
                        "covered_branches": 0,
                        "missing_branches": 0
                    },
                    "missing_lines": [
                        222
                    ],
                    "excluded_lines": [],
                    "executed_branches": [],
                    "missing_branches": []
                },
                "get_settings_path": {
                    "executed_lines": [],
                    "summary": {
                        "covered_lines": 0,
                        "num_statements": 1,
                        "percent_covered": 0.0,
                        "percent_covered_display": "0.0",
                        "missing_lines": 1,
                        "excluded_lines": 0,
                        "num_branches": 0,
                        "num_partial_branches": 0,
                        "covered_branches": 0,
                        "missing_branches": 0
                    },
                    "missing_lines": [
                        226
                    ],
                    "excluded_lines": [],
                    "executed_branches": [],
                    "missing_branches": []
                },
                "": {
                    "executed_lines": [],
                    "summary": {
                        "covered_lines": 0,
                        "num_statements": 40,
                        "percent_covered": 0.0,
                        "percent_covered_display": "0.0",
                        "missing_lines": 40,
                        "excluded_lines": 0,
                        "num_branches": 0,
                        "num_partial_branches": 0,
                        "covered_branches": 0,
                        "missing_branches": 0
                    },
                    "missing_lines": [
                        9,
                        10,
                        13,
                        15,
                        23,
                        25,
                        32,
                        78,
                        101,
                        106,
                        110,
                        114,
                        118,
                        122,
                        126,
                        130,
                        134,
                        138,
                        142,
                        146,
                        150,
                        154,
                        158,
                        162,
                        166,
                        171,
                        175,
                        179,
                        190,
                        201,
                        212,
                        216,
                        220,
                        224,
                        229,
                        230,
                        231,
                        232,
                        233,
                        236
                    ],
                    "excluded_lines": [],
                    "executed_branches": [],
                    "missing_branches": []
                }
            },
            "classes": {
                "AppConstants": {
                    "executed_lines": [],
                    "summary": {
                        "covered_lines": 0,
                        "num_statements": 18,
                        "percent_covered": 0.0,
                        "percent_covered_display": "0.0",
                        "missing_lines": 18,
                        "excluded_lines": 0,
                        "num_branches": 10,
                        "num_partial_branches": 0,
                        "covered_branches": 0,
                        "missing_branches": 10
                    },
                    "missing_lines": [
                        27,
                        28,
                        29,
                        30,
                        34,
                        35,
                        36,
                        39,
                        42,
                        88,
                        89,
                        90,
                        91,
                        92,
                        93,
                        95,
                        96,
                        98
                    ],
                    "excluded_lines": [],
                    "executed_branches": [],
                    "missing_branches": [
                        [
                            27,
                            28
                        ],
                        [
                            27,
                            30
                        ],
                        [
                            34,
                            35
                        ],
                        [
                            34,
                            36
                        ],
                        [
                            88,
                            89
                        ],
                        [
                            88,
                            98
                        ],
                        [
                            91,
                            92
                        ],
                        [
                            91,
                            96
                        ],
                        [
                            92,
                            93
                        ],
                        [
                            92,
                            95
                        ]
                    ]
                },
                "": {
                    "executed_lines": [],
                    "summary": {
                        "covered_lines": 0,
                        "num_statements": 84,
                        "percent_covered": 0.0,
                        "percent_covered_display": "0.0",
                        "missing_lines": 84,
                        "excluded_lines": 0,
                        "num_branches": 6,
                        "num_partial_branches": 0,
                        "covered_branches": 0,
                        "missing_branches": 6
                    },
                    "missing_lines": [
                        9,
                        10,
                        13,
                        15,
                        23,
                        25,
                        32,
                        78,
                        101,
                        103,
                        106,
                        108,
                        110,
                        112,
                        114,
                        116,
                        118,
                        120,
                        122,
                        124,
                        126,
                        128,
                        130,
                        132,
                        134,
                        136,
                        138,
                        140,
                        142,
                        144,
                        146,
                        148,
                        150,
                        152,
                        154,
                        156,
                        158,
                        160,
                        162,
                        164,
                        166,
                        168,
                        171,
                        173,
                        175,
                        177,
                        179,
                        181,
                        183,
                        184,
                        185,
                        186,
                        187,
                        188,
                        190,
                        192,
                        194,
                        195,
                        196,
                        197,
                        198,
                        199,
                        201,
                        203,
                        205,
                        206,
                        207,
                        208,
                        209,
                        210,
                        212,
                        214,
                        216,
                        218,
                        220,
                        222,
                        224,
                        226,
                        229,
                        230,
                        231,
                        232,
                        233,
                        236
                    ],
                    "excluded_lines": [],
                    "executed_branches": [],
                    "missing_branches": [
                        [
                            183,
                            184
                        ],
                        [
                            183,
                            188
                        ],
                        [
                            194,
                            195
                        ],
                        [
                            194,
                            199
                        ],
                        [
                            205,
                            206
                        ],
                        [
                            205,
                            210
                        ]
                    ]
                }
            }
        },
        "config\\logging_config.py": {
            "executed_lines": [],
            "summary": {
                "covered_lines": 0,
                "num_statements": 37,
                "percent_covered": 0.0,
                "percent_covered_display": "0.0",
                "missing_lines": 37,
                "excluded_lines": 0,
                "num_branches": 8,
                "num_partial_branches": 0,
                "covered_branches": 0,
                "missing_branches": 8
            },
            "missing_lines": [
                9,
                10,
                11,
                12,
                13,
                15,
                25,
                26,
                27,
                28,
                29,
                31,
                34,
                35,
                38,
                42,
                43,
                46,
                47,
                50,
                52,
                53,
                54,
                57,
                63,
                64,
                65,
                68,
                69,
                72,
                73,
                76,
                77,
                78,
                79,
                81,
                83
            ],
            "excluded_lines": [],
            "executed_branches": [],
            "missing_branches": [
                [
                    46,
                    47
                ],
                [
                    46,
                    50
                ],
                [
                    76,
                    77
                ],
                [
                    76,
                    81
                ],
                [
                    77,
                    78
                ],
                [
                    77,
                    81
                ],
                [
                    78,
                    77
                ],
                [
                    78,
                    79
                ]
            ],
            "functions": {
                "setup_logging": {
                    "executed_lines": [],
                    "summary": {
                        "covered_lines": 0,
                        "num_statements": 31,
                        "percent_covered": 0.0,
                        "percent_covered_display": "0.0",
                        "missing_lines": 31,
                        "excluded_lines": 0,
                        "num_branches": 8,
                        "num_partial_branches": 0,
                        "covered_branches": 0,
                        "missing_branches": 8
                    },
                    "missing_lines": [
                        25,
                        26,
                        27,
                        28,
                        29,
                        31,
                        34,
                        35,
                        38,
                        42,
                        43,
                        46,
                        47,
                        50,
                        52,
                        53,
                        54,
                        57,
                        63,
                        64,
                        65,
                        68,
                        69,
                        72,
                        73,
                        76,
                        77,
                        78,
                        79,
                        81,
                        83
                    ],
                    "excluded_lines": [],
                    "executed_branches": [],
                    "missing_branches": [
                        [
                            46,
                            47
                        ],
                        [
                            46,
                            50
                        ],
                        [
                            76,
                            77
                        ],
                        [
                            76,
                            81
                        ],
                        [
                            77,
                            78
                        ],
                        [
                            77,
                            81
                        ],
                        [
                            78,
                            77
                        ],
                        [
                            78,
                            79
                        ]
                    ]
                },
                "": {
                    "executed_lines": [],
                    "summary": {
                        "covered_lines": 0,
                        "num_statements": 6,
                        "percent_covered": 0.0,
                        "percent_covered_display": "0.0",
                        "missing_lines": 6,
                        "excluded_lines": 0,
                        "num_branches": 0,
                        "num_partial_branches": 0,
                        "covered_branches": 0,
                        "missing_branches": 0
                    },
                    "missing_lines": [
                        9,
                        10,
                        11,
                        12,
                        13,
                        15
                    ],
                    "excluded_lines": [],
                    "executed_branches": [],
                    "missing_branches": []
                }
            },
            "classes": {
                "": {
                    "executed_lines": [],
                    "summary": {
                        "covered_lines": 0,
                        "num_statements": 37,
                        "percent_covered": 0.0,
                        "percent_covered_display": "0.0",
                        "missing_lines": 37,
                        "excluded_lines": 0,
                        "num_branches": 8,
                        "num_partial_branches": 0,
                        "covered_branches": 0,
                        "missing_branches": 8
                    },
                    "missing_lines": [
                        9,
                        10,
                        11,
                        12,
                        13,
                        15,
                        25,
                        26,
                        27,
                        28,
                        29,
                        31,
                        34,
                        35,
                        38,
                        42,
                        43,
                        46,
                        47,
                        50,
                        52,
                        53,
                        54,
                        57,
                        63,
                        64,
                        65,
                        68,
                        69,
                        72,
                        73,
                        76,
                        77,
                        78,
                        79,
                        81,
                        83
                    ],
                    "excluded_lines": [],
                    "executed_branches": [],
                    "missing_branches": [
                        [
                            46,
                            47
                        ],
                        [
                            46,
                            50
                        ],
                        [
                            76,
                            77
                        ],
                        [
                            76,
                            81
                        ],
                        [
                            77,
                            78
                        ],
                        [
                            77,
                            81
                        ],
                        [
                            78,
                            77
                        ],
                        [
                            78,
                            79
                        ]
                    ]
                }
            }
        },
        "config\\settings_manager.py": {
            "executed_lines": [
                4,
                9,
                10,
                11,
                12,
                13,
                16,
                18,
                19,
                21,
                22,
                24,
                31,
                76,
                101,
                111,
                121,
                135,
                173,
                196,
                234,
                262,
                300,
                324,
                341,
                352,
                364,
                373
            ],
            "summary": {
                "covered_lines": 26,
                "num_statements": 190,
                "percent_covered": 10.15625,
                "percent_covered_display": "10.2",
                "missing_lines": 164,
                "excluded_lines": 0,
                "num_branches": 66,
                "num_partial_branches": 0,
                "covered_branches": 0,
                "missing_branches": 66
            },
            "missing_lines": [
                26,
                27,
                28,
                29,
                33,
                34,
                35,
                37,
                38,
                39,
                40,
                43,
                46,
                68,
                71,
                74,
                78,
                79,
                80,
                81,
                83,
                84,
                87,
                88,
                89,
                91,
                93,
                95,
                97,
                98,
                99,
                107,
                108,
                109,
                117,
                118,
                119,
                127,
                128,
                129,
                130,
                131,
                132,
                133,
                137,
                139,
                140,
                143,
                144,
                145,
                152,
                155,
                156,
                157,
                160,
                162,
                163,
                164,
                165,
                166,
                167,
                168,
                169,
                170,
                171,
                184,
                185,
                186,
                187,
                188,
                189,
                191,
                192,
                194,
                206,
                208,
                211,
                212,
                215,
                216,
                217,
                218,
                219,
                220,
                221,
                222,
                224,
                227,
                229,
                230,
                231,
                232,
                243,
                244,
                245,
                248,
                249,
                250,
                253,
                254,
                255,
                256,
                260,
                275,
                276,
                279,
                280,
                283,
                284,
                285,
                286,
                289,
                290,
                291,
                292,
                295,
                296,
                298,
                303,
                304,
                305,
                306,
                309,
                310,
                311,
                312,
                313,
                314,
                315,
                318,
                319,
                320,
                321,
                322,
                334,
                335,
                336,
                338,
                339,
                343,
                344,
                345,
                346,
                347,
                348,
                349,
                350,
                354,
                355,
                356,
                357,
                358,
                360,
                361,
                362,
                366,
                367,
                368,
                369,
                370,
                371,
                379,
                384,
                385
            ],
            "excluded_lines": [],
            "executed_branches": [],
            "missing_branches": [
                [
                    26,
                    27
                ],
                [
                    26,
                    29
                ],
                [
                    33,
                    34
                ],
                [
                    33,
                    35
                ],
                [
                    79,
                    80
                ],
                [
                    79,
                    95
                ],
                [
                    88,
                    -76
                ],
                [
                    88,
                    89
                ],
                [
                    107,
                    -101
                ],
                [
                    107,
                    108
                ],
                [
                    117,
                    -111
                ],
                [
                    117,
                    118
                ],
                [
                    127,
                    -121
                ],
                [
                    127,
                    128
                ],
                [
                    128,
                    127
                ],
                [
                    128,
                    129
                ],
                [
                    143,
                    144
                ],
                [
                    143,
                    155
                ],
                [
                    144,
                    145
                ],
                [
                    144,
                    155
                ],
                [
                    184,
                    185
                ],
                [
                    184,
                    194
                ],
                [
                    187,
                    188
                ],
                [
                    187,
                    192
                ],
                [
                    188,
                    189
                ],
                [
                    188,
                    191
                ],
                [
                    211,
                    212
                ],
                [
                    211,
                    215
                ],
                [
                    215,
                    216
                ],
                [
                    215,
                    224
                ],
                [
                    218,
                    219
                ],
                [
                    218,
                    222
                ],
                [
                    219,
                    220
                ],
                [
                    219,
                    221
                ],
                [
                    244,
                    245
                ],
                [
                    244,
                    248
                ],
                [
                    249,
                    250
                ],
                [
                    249,
                    253
                ],
                [
                    255,
                    256
                ],
                [
                    255,
                    260
                ],
                [
                    275,
                    276
                ],
                [
                    275,
                    279
                ],
                [
                    279,
                    280
                ],
                [
                    279,
                    283
                ],
                [
                    283,
                    284
                ],
                [
                    283,
                    289
                ],
                [
                    285,
                    286
                ],
                [
                    285,
                    289
                ],
                [
                    290,
                    291
                ],
                [
                    290,
                    295
                ],
                [
                    295,
                    296
                ],
                [
                    295,
                    298
                ],
                [
                    304,
                    305
                ],
                [
                    304,
                    309
                ],
                [
                    310,
                    311
                ],
                [
                    310,
                    313
                ],
                [
                    313,
                    314
                ],
                [
                    313,
                    318
                ],
                [
                    320,
                    -300
                ],
                [
                    320,
                    321
                ],
                [
                    334,
                    335
                ],
                [
                    334,
                    339
                ],
                [
                    335,
                    336
                ],
                [
                    335,
                    338
                ],
                [
                    357,
                    358
                ],
                [
                    357,
                    360
                ]
            ],
            "functions": {
                "SettingsManager.__new__": {
                    "executed_lines": [],
                    "summary": {
                        "covered_lines": 0,
                        "num_statements": 4,
                        "percent_covered": 0.0,
                        "percent_covered_display": "0.0",
                        "missing_lines": 4,
                        "excluded_lines": 0,
                        "num_branches": 2,
                        "num_partial_branches": 0,
                        "covered_branches": 0,
                        "missing_branches": 2
                    },
                    "missing_lines": [
                        26,
                        27,
                        28,
                        29
                    ],
                    "excluded_lines": [],
                    "executed_branches": [],
                    "missing_branches": [
                        [
                            26,
                            27
                        ],
                        [
                            26,
                            29
                        ]
                    ]
                },
                "SettingsManager.__init__": {
                    "executed_lines": [],
                    "summary": {
                        "covered_lines": 0,
                        "num_statements": 12,
                        "percent_covered": 0.0,
                        "percent_covered_display": "0.0",
                        "missing_lines": 12,
                        "excluded_lines": 0,
                        "num_branches": 2,
                        "num_partial_branches": 0,
                        "covered_branches": 0,
                        "missing_branches": 2
                    },
                    "missing_lines": [
                        33,
                        34,
                        35,
                        37,
                        38,
                        39,
                        40,
                        43,
                        46,
                        68,
                        71,
                        74
                    ],
                    "excluded_lines": [],
                    "executed_branches": [],
                    "missing_branches": [
                        [
                            33,
                            34
                        ],
                        [
                            33,
                            35
                        ]
                    ]
                },
                "SettingsManager.load": {
                    "executed_lines": [],
                    "summary": {
                        "covered_lines": 0,
                        "num_statements": 15,
                        "percent_covered": 0.0,
                        "percent_covered_display": "0.0",
                        "missing_lines": 15,
                        "excluded_lines": 0,
                        "num_branches": 4,
                        "num_partial_branches": 0,
                        "covered_branches": 0,
                        "missing_branches": 4
                    },
                    "missing_lines": [
                        78,
                        79,
                        80,
                        81,
                        83,
                        84,
                        87,
                        88,
                        89,
                        91,
                        93,
                        95,
                        97,
                        98,
                        99
                    ],
                    "excluded_lines": [],
                    "executed_branches": [],
                    "missing_branches": [
                        [
                            79,
                            80
                        ],
                        [
                            79,
                            95
                        ],
                        [
                            88,
                            -76
                        ],
                        [
                            88,
                            89
                        ]
                    ]
                },
                "SettingsManager.add_observer": {
                    "executed_lines": [],
                    "summary": {
                        "covered_lines": 0,
                        "num_statements": 3,
                        "percent_covered": 0.0,
                        "percent_covered_display": "0.0",
                        "missing_lines": 3,
                        "excluded_lines": 0,
                        "num_branches": 2,
                        "num_partial_branches": 0,
                        "covered_branches": 0,
                        "missing_branches": 2
                    },
                    "missing_lines": [
                        107,
                        108,
                        109
                    ],
                    "excluded_lines": [],
                    "executed_branches": [],
                    "missing_branches": [
                        [
                            107,
                            -101
                        ],
                        [
                            107,
                            108
                        ]
                    ]
                },
                "SettingsManager.remove_observer": {
                    "executed_lines": [],
                    "summary": {
                        "covered_lines": 0,
                        "num_statements": 3,
                        "percent_covered": 0.0,
                        "percent_covered_display": "0.0",
                        "missing_lines": 3,
                        "excluded_lines": 0,
                        "num_branches": 2,
                        "num_partial_branches": 0,
                        "covered_branches": 0,
                        "missing_branches": 2
                    },
                    "missing_lines": [
                        117,
                        118,
                        119
                    ],
                    "excluded_lines": [],
                    "executed_branches": [],
                    "missing_branches": [
                        [
                            117,
                            -111
                        ],
                        [
                            117,
                            118
                        ]
                    ]
                },
                "SettingsManager.notify_observers": {
                    "executed_lines": [],
                    "summary": {
                        "covered_lines": 0,
                        "num_statements": 7,
                        "percent_covered": 0.0,
                        "percent_covered_display": "0.0",
                        "missing_lines": 7,
                        "excluded_lines": 0,
                        "num_branches": 4,
                        "num_partial_branches": 0,
                        "covered_branches": 0,
                        "missing_branches": 4
                    },
                    "missing_lines": [
                        127,
                        128,
                        129,
                        130,
                        131,
                        132,
                        133
                    ],
                    "excluded_lines": [],
                    "executed_branches": [],
                    "missing_branches": [
                        [
                            127,
                            -121
                        ],
                        [
                            127,
                            128
                        ],
                        [
                            128,
                            127
                        ],
                        [
                            128,
                            129
                        ]
                    ]
                },
                "SettingsManager.save": {
                    "executed_lines": [],
                    "summary": {
                        "covered_lines": 0,
                        "num_statements": 21,
                        "percent_covered": 0.0,
                        "percent_covered_display": "0.0",
                        "missing_lines": 21,
                        "excluded_lines": 0,
                        "num_branches": 4,
                        "num_partial_branches": 0,
                        "covered_branches": 0,
                        "missing_branches": 4
                    },
                    "missing_lines": [
                        137,
                        139,
                        140,
                        143,
                        144,
                        145,
                        152,
                        155,
                        156,
                        157,
                        160,
                        162,
                        163,
                        164,
                        165,
                        166,
                        167,
                        168,
                        169,
                        170,
                        171
                    ],
                    "excluded_lines": [],
                    "executed_branches": [],
                    "missing_branches": [
                        [
                            143,
                            144
                        ],
                        [
                            143,
                            155
                        ],
                        [
                            144,
                            145
                        ],
                        [
                            144,
                            155
                        ]
                    ]
                },
                "SettingsManager.get": {
                    "executed_lines": [],
                    "summary": {
                        "covered_lines": 0,
                        "num_statements": 9,
                        "percent_covered": 0.0,
                        "percent_covered_display": "0.0",
                        "missing_lines": 9,
                        "excluded_lines": 0,
                        "num_branches": 6,
                        "num_partial_branches": 0,
                        "covered_branches": 0,
                        "missing_branches": 6
                    },
                    "missing_lines": [
                        184,
                        185,
                        186,
                        187,
                        188,
                        189,
                        191,
                        192,
                        194
                    ],
                    "excluded_lines": [],
                    "executed_branches": [],
                    "missing_branches": [
                        [
                            184,
                            185
                        ],
                        [
                            184,
                            194
                        ],
                        [
                            187,
                            188
                        ],
                        [
                            187,
                            192
                        ],
                        [
                            188,
                            189
                        ],
                        [
                            188,
                            191
                        ]
                    ]
                },
                "SettingsManager.set": {
                    "executed_lines": [],
                    "summary": {
                        "covered_lines": 0,
                        "num_statements": 18,
                        "percent_covered": 0.0,
                        "percent_covered_display": "0.0",
                        "missing_lines": 18,
                        "excluded_lines": 0,
                        "num_branches": 8,
                        "num_partial_branches": 0,
                        "covered_branches": 0,
                        "missing_branches": 8
                    },
                    "missing_lines": [
                        206,
                        208,
                        211,
                        212,
                        215,
                        216,
                        217,
                        218,
                        219,
                        220,
                        221,
                        222,
                        224,
                        227,
                        229,
                        230,
                        231,
                        232
                    ],
                    "excluded_lines": [],
                    "executed_branches": [],
                    "missing_branches": [
                        [
                            211,
                            212
                        ],
                        [
                            211,
                            215
                        ],
                        [
                            215,
                            216
                        ],
                        [
                            215,
                            224
                        ],
                        [
                            218,
                            219
                        ],
                        [
                            218,
                            222
                        ],
                        [
                            219,
                            220
                        ],
                        [
                            219,
                            221
                        ]
                    ]
                },
                "SettingsManager.validate_settings": {
                    "executed_lines": [],
                    "summary": {
                        "covered_lines": 0,
                        "num_statements": 11,
                        "percent_covered": 0.0,
                        "percent_covered_display": "0.0",
                        "missing_lines": 11,
                        "excluded_lines": 0,
                        "num_branches": 6,
                        "num_partial_branches": 0,
                        "covered_branches": 0,
                        "missing_branches": 6
                    },
                    "missing_lines": [
                        243,
                        244,
                        245,
                        248,
                        249,
                        250,
                        253,
                        254,
                        255,
                        256,
                        260
                    ],
                    "excluded_lines": [],
                    "executed_branches": [],
                    "missing_branches": [
                        [
                            244,
                            245
                        ],
                        [
                            244,
                            248
                        ],
                        [
                            249,
                            250
                        ],
                        [
                            249,
                            253
                        ],
                        [
                            255,
                            256
                        ],
                        [
                            255,
                            260
                        ]
                    ]
                },
                "SettingsManager.set_with_validation": {
                    "executed_lines": [],
                    "summary": {
                        "covered_lines": 0,
                        "num_statements": 15,
                        "percent_covered": 0.0,
                        "percent_covered_display": "0.0",
                        "missing_lines": 15,
                        "excluded_lines": 0,
                        "num_branches": 12,
                        "num_partial_branches": 0,
                        "covered_branches": 0,
                        "missing_branches": 12
                    },
                    "missing_lines": [
                        275,
                        276,
                        279,
                        280,
                        283,
                        284,
                        285,
                        286,
                        289,
                        290,
                        291,
                        292,
                        295,
                        296,
                        298
                    ],
                    "excluded_lines": [],
                    "executed_branches": [],
                    "missing_branches": [
                        [
                            275,
                            276
                        ],
                        [
                            275,
                            279
                        ],
                        [
                            279,
                            280
                        ],
                        [
                            279,
                            283
                        ],
                        [
                            283,
                            284
                        ],
                        [
                            283,
                            289
                        ],
                        [
                            285,
                            286
                        ],
                        [
                            285,
                            289
                        ],
                        [
                            290,
                            291
                        ],
                        [
                            290,
                            295
                        ],
                        [
                            295,
                            296
                        ],
                        [
                            295,
                            298
                        ]
                    ]
                },
                "SettingsManager._fix_invalid_settings": {
                    "executed_lines": [],
                    "summary": {
                        "covered_lines": 0,
                        "num_statements": 16,
                        "percent_covered": 0.0,
                        "percent_covered_display": "0.0",
                        "missing_lines": 16,
                        "excluded_lines": 0,
                        "num_branches": 8,
                        "num_partial_branches": 0,
                        "covered_branches": 0,
                        "missing_branches": 8
                    },
                    "missing_lines": [
                        303,
                        304,
                        305,
                        306,
                        309,
                        310,
                        311,
                        312,
                        313,
                        314,
                        315,
                        318,
                        319,
                        320,
                        321,
                        322
                    ],
                    "excluded_lines": [],
                    "executed_branches": [],
                    "missing_branches": [
                        [
                            304,
                            305
                        ],
                        [
                            304,
                            309
                        ],
                        [
                            310,
                            311
                        ],
                        [
                            310,
                            313
                        ],
                        [
                            313,
                            314
                        ],
                        [
[...]
                82,
                83,
                84,
                85,
                87,
                88,
                89,
                90,
                92,
                94,
                106,
                107,
                108,
                109,
                112,
                113,
                114,
                117,
                118,
                119,
                120,
                123,
                124,
                127,
                128,
                135,
                136,
                137,
                138,
                140,
                142
            ],
            "excluded_lines": [],
            "executed_branches": [],
            "missing_branches": [
                [
                    31,
                    32
                ],
                [
                    31,
                    35
                ],
                [
                    49,
                    50
                ],
                [
                    49,
                    52
                ],
                [
                    69,
                    70
                ],
                [
                    69,
                    72
                ],
                [
                    75,
                    77
                ],
                [
                    75,
                    92
                ],
                [
                    77,
                    78
                ],
                [
                    77,
                    80
                ],
                [
                    80,
                    75
                ],
                [
                    80,
                    82
                ],
                [
                    82,
                    83
                ],
                [
                    82,
                    87
                ],
                [
                    84,
                    80
                ],
                [
                    84,
                    85
                ],
                [
                    87,
                    80
                ],
                [
                    87,
                    88
                ],
                [
                    107,
                    108
                ],
                [
                    107,
                    112
                ],
                [
                    112,
                    113
                ],
                [
                    112,
                    117
                ],
                [
                    117,
                    118
                ],
                [
                    117,
                    123
                ],
                [
                    118,
                    119
                ],
                [
                    118,
                    120
                ],
                [
                    123,
                    124
                ],
                [
                    123,
                    127
                ],
                [
                    127,
                    128
                ],
                [
                    127,
                    142
                ],
                [
                    135,
                    136
                ],
                [
                    135,
                    140
                ]
            ],
            "functions": {
                "extract_urls": {
                    "executed_lines": [],
                    "summary": {
                        "covered_lines": 0,
                        "num_statements": 4,
                        "percent_covered": 0.0,
                        "percent_covered_display": "0.0",
                        "missing_lines": 4,
                        "excluded_lines": 0,
                        "num_branches": 2,
                        "num_partial_branches": 0,
                        "covered_branches": 0,
                        "missing_branches": 2
                    },
                    "missing_lines": [
                        31,
                        32,
                        35,
                        36
                    ],
                    "excluded_lines": [],
                    "executed_branches": [],
                    "missing_branches": [
                        [
                            31,
                            32
                        ],
                        [
                            31,
                            35
                        ]
                    ]
                },
                "open_url": {
                    "executed_lines": [],
                    "summary": {
                        "covered_lines": 0,
                        "num_statements": 10,
                        "percent_covered": 0.0,
                        "percent_covered_display": "0.0",
                        "missing_lines": 10,
                        "excluded_lines": 0,
                        "num_branches": 2,
                        "num_partial_branches": 0,
                        "covered_branches": 0,
                        "missing_branches": 2
                    },
                    "missing_lines": [
                        47,
                        49,
                        50,
                        52,
                        53,
                        54,
                        55,
                        56,
                        57,
                        58
                    ],
                    "excluded_lines": [],
                    "executed_branches": [],
                    "missing_branches": [
                        [
                            49,
                            50
                        ],
                        [
                            49,
                            52
                        ]
                    ]
                },
                "extract_urls_from_facets": {
                    "executed_lines": [],
                    "summary": {
                        "covered_lines": 0,
                        "num_statements": 17,
                        "percent_covered": 0.0,
                        "percent_covered_display": "0.0",
                        "missing_lines": 17,
                        "excluded_lines": 0,
                        "num_branches": 14,
                        "num_partial_branches": 0,
                        "covered_branches": 0,
                        "missing_branches": 14
                    },
                    "missing_lines": [
                        69,
                        70,
                        72,
                        74,
                        75,
                        77,
                        78,
                        80,
                        82,
                        83,
                        84,
                        85,
                        87,
                        88,
                        89,
                        90,
                        92
                    ],
                    "excluded_lines": [],
                    "executed_branches": [],
                    "missing_branches": [
                        [
                            69,
                            70
                        ],
                        [
                            69,
                            72
                        ],
                        [
                            75,
                            77
                        ],
                        [
                            75,
                            92
                        ],
                        [
                            77,
                            78
                        ],
                        [
                            77,
                            80
                        ],
                        [
                            80,
                            75
                        ],
                        [
                            80,
                            82
                        ],
                        [
                            82,
                            83
                        ],
                        [
                            82,
                            87
                        ],
                        [
                            84,
                            80
                        ],
                        [
                            84,
                            85
                        ],
                        [
                            87,
                            80
                        ],
                        [
                            87,
                            88
                        ]
                    ]
                },
                "handle_urls_in_text": {
                    "executed_lines": [],
                    "summary": {
                        "covered_lines": 0,
                        "num_statements": 21,
                        "percent_covered": 0.0,
                        "percent_covered_display": "0.0",
                        "missing_lines": 21,
                        "excluded_lines": 0,
                        "num_branches": 14,
                        "num_partial_branches": 0,
                        "covered_branches": 0,
                        "missing_branches": 14
                    },
                    "missing_lines": [
                        106,
                        107,
                        108,
                        109,
                        112,
                        113,
                        114,
                        117,
                        118,
                        119,
                        120,
                        123,
                        124,
                        127,
                        128,
                        135,
                        136,
                        137,
                        138,
                        140,
                        142
                    ],
                    "excluded_lines": [],
                    "executed_branches": [],
                    "missing_branches": [
                        [
                            107,
                            108
                        ],
                        [
                            107,
                            112
                        ],
                        [
                            112,
                            113
                        ],
                        [
                            112,
                            117
                        ],
                        [
                            117,
                            118
                        ],
                        [
                            117,
                            123
                        ],
                        [
                            118,
                            119
                        ],
                        [
                            118,
                            120
                        ],
                        [
                            123,
                            124
                        ],
                        [
                            123,
                            127
                        ],
                        [
                            127,
                            128
                        ],
                        [
                            127,
                            142
                        ],
                        [
                            135,
                            136
                        ],
                        [
                            135,
                            140
                        ]
                    ]
                },
                "": {
                    "executed_lines": [],
                    "summary": {
                        "covered_lines": 0,
                        "num_statements": 11,
                        "percent_covered": 0.0,
                        "percent_covered_display": "0.0",
                        "missing_lines": 11,
                        "excluded_lines": 0,
                        "num_branches": 0,
                        "num_partial_branches": 0,
                        "covered_branches": 0,
                        "missing_branches": 0
                    },
                    "missing_lines": [
                        9,
                        10,
                        11,
                        12,
                        13,
                        16,
                        20,
                        22,
                        38,
                        60,
                        94
                    ],
                    "excluded_lines": [],
                    "executed_branches": [],
                    "missing_branches": []
                }
            },
            "classes": {
                "": {
                    "executed_lines": [],
                    "summary": {
                        "covered_lines": 0,
                        "num_statements": 63,
                        "percent_covered": 0.0,
                        "percent_covered_display": "0.0",
                        "missing_lines": 63,
                        "excluded_lines": 0,
                        "num_branches": 32,
                        "num_partial_branches": 0,
                        "covered_branches": 0,
                        "missing_branches": 32
                    },
                    "missing_lines": [
                        9,
                        10,
                        11,
                        12,
                        13,
                        16,
                        20,
                        22,
                        31,
                        32,
                        35,
                        36,
                        38,
                        47,
                        49,
                        50,
                        52,
                        53,
                        54,
                        55,
                        56,
                        57,
                        58,
                        60,
                        69,
                        70,
                        72,
                        74,
                        75,
                        77,
                        78,
                        80,
                        82,
                        83,
                        84,
                        85,
                        87,
                        88,
                        89,
                        90,
                        92,
                        94,
                        106,
                        107,
                        108,
                        109,
                        112,
                        113,
                        114,
                        117,
                        118,
                        119,
                        120,
                        123,
                        124,
                        127,
                        128,
                        135,
                        136,
                        137,
                        138,
                        140,
                        142
                    ],
                    "excluded_lines": [],
                    "executed_branches": [],
                    "missing_branches": [
                        [
                            31,
                            32
                        ],
                        [
                            31,
                            35
                        ],
                        [
                            49,
                            50
                        ],
                        [
                            49,
                            52
                        ],
                        [
                            69,
                            70
                        ],
                        [
                            69,
                            72
                        ],
                        [
                            75,
                            77
                        ],
                        [
                            75,
                            92
                        ],
                        [
                            77,
                            78
                        ],
                        [
                            77,
                            80
                        ],
                        [
                            80,
                            75
                        ],
                        [
                            80,
                            82
                        ],
                        [
                            82,
                            83
                        ],
                        [
                            82,
                            87
                        ],
                        [
                            84,
                            80
                        ],
                        [
                            84,
                            85
                        ],
                        [
                            87,
                            80
                        ],
                        [
                            87,
                            88
                        ],
                        [
                            107,
                            108
                        ],
                        [
                            107,
                            112
                        ],
                        [
                            112,
                            113
                        ],
                        [
                            112,
                            117
                        ],
                        [
                            117,
                            118
                        ],
                        [
                            117,
                            123
                        ],
                        [
                            118,
                            119
                        ],
                        [
                            118,
                            120
                        ],
                        [
                            123,
                            124
                        ],
                        [
                            123,
                            127
                        ],
                        [
                            127,
                            128
                        ],
                        [
                            127,
                            142
                        ],
                        [
                            135,
                            136
                        ],
                        [
                            135,
                            140
                        ]
                    ]
                }
            }
        }
    },
    "totals": {
        "covered_lines": 697,
        "num_statements": 1861,
        "percent_covered": 34.58314953683282,
        "percent_covered_display": "34.6",
        "missing_lines": 1164,
        "excluded_lines": 96,
        "num_branches": 406,
        "num_partial_branches": 27,
        "covered_branches": 87,
        "missing_branches": 319
    }
}